#
# There is insufficient memory for the Java Runtime Environment to continue.
# Native memory allocation (malloc) failed to allocate 732256 bytes for Chunk::new
# Possible reasons:
#   The system is out of physical RAM or swap space
#   The process is running with CompressedOops enabled, and the Java Heap may be blocking the growth of the native heap
# Possible solutions:
#   Reduce memory load on the system
#   Increase physical memory or swap space
#   Check if swap backing store is full
#   Decrease Java heap size (-Xmx/-Xms)
#   Decrease number of Java threads
#   Decrease Java thread stack sizes (-Xss)
#   Set larger code cache with -XX:ReservedCodeCacheSize=
#   JVM is running with Unscaled Compressed Oops mode in which the Java heap is
#     placed in the first 4GB address space. The Java Heap base address is the
#     maximum limit for the native heap growth. Please use -XX:HeapBaseMinAddress
#     to set the Java Heap base and to place the Java Heap above 4GB virtual address.
# This output file may be truncated or incomplete.
#
#  Out of Memory Error (./src/hotspot/share/memory/arena.cpp:197), pid=2200, tid=15652
#
# JRE version: OpenJDK Runtime Environment (11.0.13) (build 11.0.13+0-b1751.21-8125866)
# Java VM: OpenJDK 64-Bit Server VM (11.0.13+0-b1751.21-8125866, mixed mode, tiered, compressed oops, g1 gc, windows-amd64)
# No core dump will be written. Minidumps are not enabled by default on client versions of Windows
#

---------------  S U M M A R Y ------------

Command Line: org.jetbrains.kotlin.cli.jvm.K2JVMCompiler @C:\Users\Lenovo\AndroidStudioProjects\QuizGame\app\build\20240425_17895611290812540100.compiler.options

Host: AMD Ryzen 5 5500U with Radeon Graphics         , 12 cores, 5G,  Windows 11 , 64 bit Build 22621 (10.0.22621.3374)
Time: Thu Apr 25 16:50:21 2024 India Standard Time elapsed time: 7.142699 seconds (0d 0h 0m 7s)

---------------  T H R E A D  ---------------

Current thread (0x000001fb7324b800):  JavaThread "C2 CompilerThread0" daemon [_thread_in_native, id=15652, stack(0x000000b2f0400000,0x000000b2f0500000)]


Current CompileTask:
C2:   7142 2327   !   4       java.net.URL::<init> (543 bytes)

Stack: [0x000000b2f0400000,0x000000b2f0500000]
Native frames: (J=compiled Java code, j=interpreted, Vv=VM code, C=native code)
V  [jvm.dll+0x6100fa]
V  [jvm.dll+0x747090]
V  [jvm.dll+0x7486ad]
V  [jvm.dll+0x748d83]
V  [jvm.dll+0x24ab48]
V  [jvm.dll+0xc04dc]
V  [jvm.dll+0xc0a0c]
V  [jvm.dll+0x2bfab4]
V  [jvm.dll+0x524238]
V  [jvm.dll+0x20b193]
V  [jvm.dll+0x204ca0]
V  [jvm.dll+0x2023c2]
V  [jvm.dll+0x188e01]
V  [jvm.dll+0x21106b]
V  [jvm.dll+0x20f8c1]
V  [jvm.dll+0x70de0f]
V  [jvm.dll+0x706a75]
V  [jvm.dll+0x60ed66]
C  [ucrtbase.dll+0x29333]
C  [KERNEL32.DLL+0x1257d]
C  [ntdll.dll+0x5aa48]


---------------  P R O C E S S  ---------------

Threads class SMR info:
_java_thread_list=0x000001fb7493cc20, length=10, elements={
0x000001fb59430000, 0x000001fb728c0800, 0x000001fb728ce000, 0x000001fb73248800,
0x000001fb73249800, 0x000001fb7324a800, 0x000001fb7324b800, 0x000001fb7324f800,
0x000001fb73252800, 0x000001fb733e0000
}

Java Threads: ( => current thread )
  0x000001fb59430000 JavaThread "main" [_thread_in_native, id=31844, stack(0x000000b2ef800000,0x000000b2ef900000)]
  0x000001fb728c0800 JavaThread "Reference Handler" daemon [_thread_blocked, id=39152, stack(0x000000b2eff00000,0x000000b2f0000000)]
  0x000001fb728ce000 JavaThread "Finalizer" daemon [_thread_blocked, id=39564, stack(0x000000b2f0000000,0x000000b2f0100000)]
  0x000001fb73248800 JavaThread "Signal Dispatcher" daemon [_thread_blocked, id=42856, stack(0x000000b2f0100000,0x000000b2f0200000)]
  0x000001fb73249800 JavaThread "Attach Listener" daemon [_thread_blocked, id=37144, stack(0x000000b2f0200000,0x000000b2f0300000)]
  0x000001fb7324a800 JavaThread "Service Thread" daemon [_thread_blocked, id=27400, stack(0x000000b2f0300000,0x000000b2f0400000)]
=>0x000001fb7324b800 JavaThread "C2 CompilerThread0" daemon [_thread_in_native, id=15652, stack(0x000000b2f0400000,0x000000b2f0500000)]
  0x000001fb7324f800 JavaThread "C1 CompilerThread0" daemon [_thread_blocked, id=39972, stack(0x000000b2f0500000,0x000000b2f0600000)]
  0x000001fb73252800 JavaThread "Sweeper thread" daemon [_thread_blocked, id=19924, stack(0x000000b2f0600000,0x000000b2f0700000)]
  0x000001fb733e0000 JavaThread "Common-Cleaner" daemon [_thread_blocked, id=40780, stack(0x000000b2f0800000,0x000000b2f0900000)]

Other Threads:
  0x000001fb7289c800 VMThread "VM Thread" [stack: 0x000000b2efe00000,0x000000b2eff00000] [id=43228]
  0x000001fb733d5800 WatcherThread [stack: 0x000000b2f0700000,0x000000b2f0800000] [id=27120]
  0x000001fb59449000 GCTaskThread "GC Thread#0" [stack: 0x000000b2ef900000,0x000000b2efa00000] [id=43932]
  0x000001fb73a45800 GCTaskThread "GC Thread#1" [stack: 0x000000b2f0900000,0x000000b2f0a00000] [id=14184]
  0x000001fb5946f000 ConcurrentGCThread "G1 Main Marker" [stack: 0x000000b2efa00000,0x000000b2efb00000] [id=39684]
  0x000001fb59472000 ConcurrentGCThread "G1 Conc#0" [stack: 0x000000b2efb00000,0x000000b2efc00000] [id=14484]
  0x000001fb74947800 ConcurrentGCThread "G1 Conc#1" [stack: 0x000000b2f0b00000,0x000000b2f0c00000] [id=18424]
  0x000001fb748c5800 ConcurrentGCThread "G1 Conc#2" [stack: 0x000000b2f0c00000,0x000000b2f0d00000] [id=45580]
  0x000001fb594f2800 ConcurrentGCThread "G1 Refine#0" [stack: 0x000000b2efc00000,0x000000b2efd00000] [id=41264]
  0x000001fb594f5800 ConcurrentGCThread "G1 Young RemSet Sampling" [stack: 0x000000b2efd00000,0x000000b2efe00000] [id=19024]

Threads with active compile tasks:
C2 CompilerThread0   7201 2327   !   4       java.net.URL::<init> (543 bytes)
C1 CompilerThread0   7201 2345       3       org.jetbrains.kotlin.renderer.DescriptorRendererOptionsImpl::property (20 bytes)

VM state:not at safepoint (normal execution)

VM Mutex/Monitor currently owned by a thread: None

Heap address: 0x00000000a2200000, size: 1502 MB, Compressed Oops mode: 32-bit
Narrow klass base: 0x0000000000000000, Narrow klass shift: 3
Compressed class space size: 1073741824 Address: 0x0000000100000000

Heap:
 garbage-first heap   total 96256K, used 37387K [0x00000000a2200000, 0x0000000100000000)
  region size 1024K, 22 young (22528K), 7 survivors (7168K)
 Metaspace       used 32770K, capacity 33191K, committed 33408K, reserved 1079296K
  class space    used 4044K, capacity 4209K, committed 4224K, reserved 1048576K
Heap Regions: E=young(eden), S=young(survivor), O=old, HS=humongous(starts), HC=humongous(continues), CS=collection set, F=free, A=archive, TAMS=top-at-mark-start (previous, next)
|   0|0x00000000a2200000, 0x00000000a2300000, 0x00000000a2300000|100%|HS|  |TAMS 0x00000000a2300000, 0x00000000a2200000| Complete 
|   1|0x00000000a2300000, 0x00000000a2400000, 0x00000000a2400000|100%|HC|  |TAMS 0x00000000a2400000, 0x00000000a2300000| Complete 
|   2|0x00000000a2400000, 0x00000000a2500000, 0x00000000a2500000|100%|HC|  |TAMS 0x00000000a2500000, 0x00000000a2400000| Complete 
|   3|0x00000000a2500000, 0x00000000a2600000, 0x00000000a2600000|100%|HC|  |TAMS 0x00000000a2600000, 0x00000000a2500000| Complete 
|   4|0x00000000a2600000, 0x00000000a2700000, 0x00000000a2700000|100%|HS|  |TAMS 0x00000000a2600000, 0x00000000a2600000| Complete 
|   5|0x00000000a2700000, 0x00000000a2800000, 0x00000000a2800000|100%|HC|  |TAMS 0x00000000a2700000, 0x00000000a2700000| Complete 
|   6|0x00000000a2800000, 0x00000000a2900000, 0x00000000a2900000|100%|HC|  |TAMS 0x00000000a2800000, 0x00000000a2800000| Complete 
|   7|0x00000000a2900000, 0x00000000a2a00000, 0x00000000a2a00000|100%|HC|  |TAMS 0x00000000a2900000, 0x00000000a2900000| Complete 
|   8|0x00000000a2a00000, 0x00000000a2b00000, 0x00000000a2b00000|100%|HS|  |TAMS 0x00000000a2a00000, 0x00000000a2a00000| Complete 
|   9|0x00000000a2b00000, 0x00000000a2c00000, 0x00000000a2c00000|100%|HC|  |TAMS 0x00000000a2b00000, 0x00000000a2b00000| Complete 
|  10|0x00000000a2c00000, 0x00000000a2d00000, 0x00000000a2d00000|100%| O|  |TAMS 0x00000000a2c00000, 0x00000000a2c00000| Untracked 
|  11|0x00000000a2d00000, 0x00000000a2e00000, 0x00000000a2e00000|100%| O|  |TAMS 0x00000000a2d00000, 0x00000000a2d00000| Untracked 
|  12|0x00000000a2e00000, 0x00000000a2f00000, 0x00000000a2f00000|100%| O|  |TAMS 0x00000000a2e00000, 0x00000000a2e00000| Untracked 
|  13|0x00000000a2f00000, 0x00000000a3000000, 0x00000000a3000000|100%| O|  |TAMS 0x00000000a2f00000, 0x00000000a2f00000| Untracked 
|  14|0x00000000a3000000, 0x00000000a3100000, 0x00000000a3100000|100%| O|  |TAMS 0x00000000a3000000, 0x00000000a3000000| Untracked 
|  15|0x00000000a3100000, 0x00000000a31f4a00, 0x00000000a3200000| 95%| O|  |TAMS 0x00000000a3100000, 0x00000000a3100000| Untracked 
|  16|0x00000000a3200000, 0x00000000a3200000, 0x00000000a3300000|  0%| F|  |TAMS 0x00000000a3200000, 0x00000000a3200000| Untracked 
|  17|0x00000000a3300000, 0x00000000a3300000, 0x00000000a3400000|  0%| F|  |TAMS 0x00000000a3300000, 0x00000000a3300000| Untracked 
|  18|0x00000000a3400000, 0x00000000a3400000, 0x00000000a3500000|  0%| F|  |TAMS 0x00000000a3400000, 0x00000000a3400000| Untracked 
|  19|0x00000000a3500000, 0x00000000a3500000, 0x00000000a3600000|  0%| F|  |TAMS 0x00000000a3500000, 0x00000000a3500000| Untracked 
|  20|0x00000000a3600000, 0x00000000a3600000, 0x00000000a3700000|  0%| F|  |TAMS 0x00000000a3600000, 0x00000000a3600000| Untracked 
|  21|0x00000000a3700000, 0x00000000a3700000, 0x00000000a3800000|  0%| F|  |TAMS 0x00000000a3700000, 0x00000000a3700000| Untracked 
|  22|0x00000000a3800000, 0x00000000a3800000, 0x00000000a3900000|  0%| F|  |TAMS 0x00000000a3800000, 0x00000000a3800000| Untracked 
|  23|0x00000000a3900000, 0x00000000a3900000, 0x00000000a3a00000|  0%| F|  |TAMS 0x00000000a3900000, 0x00000000a3900000| Untracked 
|  24|0x00000000a3a00000, 0x00000000a3a00000, 0x00000000a3b00000|  0%| F|  |TAMS 0x00000000a3a00000, 0x00000000a3a00000| Untracked 
|  25|0x00000000a3b00000, 0x00000000a3b00000, 0x00000000a3c00000|  0%| F|  |TAMS 0x00000000a3b00000, 0x00000000a3b00000| Untracked 
|  26|0x00000000a3c00000, 0x00000000a3c00000, 0x00000000a3d00000|  0%| F|  |TAMS 0x00000000a3c00000, 0x00000000a3c00000| Untracked 
|  27|0x00000000a3d00000, 0x00000000a3d00000, 0x00000000a3e00000|  0%| F|  |TAMS 0x00000000a3d00000, 0x00000000a3d00000| Untracked 
|  28|0x00000000a3e00000, 0x00000000a3e00000, 0x00000000a3f00000|  0%| F|  |TAMS 0x00000000a3e00000, 0x00000000a3e00000| Untracked 
|  29|0x00000000a3f00000, 0x00000000a3f00000, 0x00000000a4000000|  0%| F|  |TAMS 0x00000000a3f00000, 0x00000000a3f00000| Untracked 
|  30|0x00000000a4000000, 0x00000000a4000000, 0x00000000a4100000|  0%| F|  |TAMS 0x00000000a4000000, 0x00000000a4000000| Untracked 
|  31|0x00000000a4100000, 0x00000000a4100000, 0x00000000a4200000|  0%| F|  |TAMS 0x00000000a4100000, 0x00000000a4100000| Untracked 
|  32|0x00000000a4200000, 0x00000000a4200000, 0x00000000a4300000|  0%| F|  |TAMS 0x00000000a4200000, 0x00000000a4200000| Untracked 
|  33|0x00000000a4300000, 0x00000000a4300000, 0x00000000a4400000|  0%| F|  |TAMS 0x00000000a4300000, 0x00000000a4300000| Untracked 
|  34|0x00000000a4400000, 0x00000000a4400000, 0x00000000a4500000|  0%| F|  |TAMS 0x00000000a4400000, 0x00000000a4400000| Untracked 
|  35|0x00000000a4500000, 0x00000000a4500000, 0x00000000a4600000|  0%| F|  |TAMS 0x00000000a4500000, 0x00000000a4500000| Untracked 
|  36|0x00000000a4600000, 0x00000000a4600000, 0x00000000a4700000|  0%| F|  |TAMS 0x00000000a4600000, 0x00000000a4600000| Untracked 
|  37|0x00000000a4700000, 0x00000000a478e568, 0x00000000a4800000| 55%| S|CS|TAMS 0x00000000a4700000, 0x00000000a4700000| Complete 
|  38|0x00000000a4800000, 0x00000000a4900000, 0x00000000a4900000|100%| S|CS|TAMS 0x00000000a4800000, 0x00000000a4800000| Complete 
|  39|0x00000000a4900000, 0x00000000a4a00000, 0x00000000a4a00000|100%| S|CS|TAMS 0x00000000a4900000, 0x00000000a4900000| Complete 
|  40|0x00000000a4a00000, 0x00000000a4b00000, 0x00000000a4b00000|100%| S|CS|TAMS 0x00000000a4a00000, 0x00000000a4a00000| Complete 
|  41|0x00000000a4b00000, 0x00000000a4c00000, 0x00000000a4c00000|100%| S|CS|TAMS 0x00000000a4b00000, 0x00000000a4b00000| Complete 
|  42|0x00000000a4c00000, 0x00000000a4d00000, 0x00000000a4d00000|100%| S|CS|TAMS 0x00000000a4c00000, 0x00000000a4c00000| Complete 
|  43|0x00000000a4d00000, 0x00000000a4e00000, 0x00000000a4e00000|100%| S|CS|TAMS 0x00000000a4d00000, 0x00000000a4d00000| Complete 
|  44|0x00000000a4e00000, 0x00000000a4e00000, 0x00000000a4f00000|  0%| F|  |TAMS 0x00000000a4e00000, 0x00000000a4e00000| Untracked 
|  45|0x00000000a4f00000, 0x00000000a4f00000, 0x00000000a5000000|  0%| F|  |TAMS 0x00000000a4f00000, 0x00000000a4f00000| Untracked 
|  46|0x00000000a5000000, 0x00000000a5000000, 0x00000000a5100000|  0%| F|  |TAMS 0x00000000a5000000, 0x00000000a5000000| Untracked 
|  47|0x00000000a5100000, 0x00000000a5100000, 0x00000000a5200000|  0%| F|  |TAMS 0x00000000a5100000, 0x00000000a5100000| Untracked 
|  48|0x00000000a5200000, 0x00000000a5200000, 0x00000000a5300000|  0%| F|  |TAMS 0x00000000a5200000, 0x00000000a5200000| Untracked 
|  49|0x00000000a5300000, 0x00000000a5300000, 0x00000000a5400000|  0%| F|  |TAMS 0x00000000a5300000, 0x00000000a5300000| Untracked 
|  50|0x00000000a5400000, 0x00000000a5400000, 0x00000000a5500000|  0%| F|  |TAMS 0x00000000a5400000, 0x00000000a5400000| Untracked 
|  51|0x00000000a5500000, 0x00000000a5500000, 0x00000000a5600000|  0%| F|  |TAMS 0x00000000a5500000, 0x00000000a5500000| Untracked 
|  52|0x00000000a5600000, 0x00000000a5600000, 0x00000000a5700000|  0%| F|  |TAMS 0x00000000a5600000, 0x00000000a5600000| Untracked 
|  53|0x00000000a5700000, 0x00000000a5700000, 0x00000000a5800000|  0%| F|  |TAMS 0x00000000a5700000, 0x00000000a5700000| Untracked 
|  54|0x00000000a5800000, 0x00000000a5800000, 0x00000000a5900000|  0%| F|  |TAMS 0x00000000a5800000, 0x00000000a5800000| Untracked 
|  55|0x00000000a5900000, 0x00000000a5900000, 0x00000000a5a00000|  0%| F|  |TAMS 0x00000000a5900000, 0x00000000a5900000| Untracked 
|  56|0x00000000a5a00000, 0x00000000a5a00000, 0x00000000a5b00000|  0%| F|  |TAMS 0x00000000a5a00000, 0x00000000a5a00000| Untracked 
|  57|0x00000000a5b00000, 0x00000000a5b00000, 0x00000000a5c00000|  0%| F|  |TAMS 0x00000000a5b00000, 0x00000000a5b00000| Untracked 
|  58|0x00000000a5c00000, 0x00000000a5c00000, 0x00000000a5d00000|  0%| F|  |TAMS 0x00000000a5c00000, 0x00000000a5c00000| Untracked 
|  59|0x00000000a5d00000, 0x00000000a5d00000, 0x00000000a5e00000|  0%| F|  |TAMS 0x00000000a5d00000, 0x00000000a5d00000| Untracked 
|  60|0x00000000a5e00000, 0x00000000a5e00000, 0x00000000a5f00000|  0%| F|  |TAMS 0x00000000a5e00000, 0x00000000a5e00000| Untracked 
|  61|0x00000000a5f00000, 0x00000000a5f00000, 0x00000000a6000000|  0%| F|  |TAMS 0x00000000a5f00000, 0x00000000a5f00000| Untracked 
|  62|0x00000000a6000000, 0x00000000a6000000, 0x00000000a6100000|  0%| F|  |TAMS 0x00000000a6000000, 0x00000000a6000000| Untracked 
|  63|0x00000000a6100000, 0x00000000a6100000, 0x00000000a6200000|  0%| F|  |TAMS 0x00000000a6100000, 0x00000000a6100000| Untracked 
|  64|0x00000000a6200000, 0x00000000a6200000, 0x00000000a6300000|  0%| F|  |TAMS 0x00000000a6200000, 0x00000000a6200000| Untracked 
|  65|0x00000000a6300000, 0x00000000a6300000, 0x00000000a6400000|  0%| F|  |TAMS 0x00000000a6300000, 0x00000000a6300000| Untracked 
|  66|0x00000000a6400000, 0x00000000a6400000, 0x00000000a6500000|  0%| F|  |TAMS 0x00000000a6400000, 0x00000000a6400000| Untracked 
|  67|0x00000000a6500000, 0x00000000a6500000, 0x00000000a6600000|  0%| F|  |TAMS 0x00000000a6500000, 0x00000000a6500000| Untracked 
|  68|0x00000000a6600000, 0x00000000a6600000, 0x00000000a6700000|  0%| F|  |TAMS 0x00000000a6600000, 0x00000000a6600000| Untracked 
|  69|0x00000000a6700000, 0x00000000a6700000, 0x00000000a6800000|  0%| F|  |TAMS 0x00000000a6700000, 0x00000000a6700000| Untracked 
|  70|0x00000000a6800000, 0x00000000a6800000, 0x00000000a6900000|  0%| F|  |TAMS 0x00000000a6800000, 0x00000000a6800000| Untracked 
|  71|0x00000000a6900000, 0x00000000a6900000, 0x00000000a6a00000|  0%| F|  |TAMS 0x00000000a6900000, 0x00000000a6900000| Untracked 
|  72|0x00000000a6a00000, 0x00000000a6a00000, 0x00000000a6b00000|  0%| F|  |TAMS 0x00000000a6a00000, 0x00000000a6a00000| Untracked 
|  73|0x00000000a6b00000, 0x00000000a6b00000, 0x00000000a6c00000|  0%| F|  |TAMS 0x00000000a6b00000, 0x00000000a6b00000| Untracked 
|  74|0x00000000a6c00000, 0x00000000a6c00000, 0x00000000a6d00000|  0%| F|  |TAMS 0x00000000a6c00000, 0x00000000a6c00000| Untracked 
|  75|0x00000000a6d00000, 0x00000000a6d00000, 0x00000000a6e00000|  0%| F|  |TAMS 0x00000000a6d00000, 0x00000000a6d00000| Untracked 
|  76|0x00000000a6e00000, 0x00000000a6e00000, 0x00000000a6f00000|  0%| F|  |TAMS 0x00000000a6e00000, 0x00000000a6e00000| Untracked 
|  77|0x00000000a6f00000, 0x00000000a6f00000, 0x00000000a7000000|  0%| F|  |TAMS 0x00000000a6f00000, 0x00000000a6f00000| Untracked 
|  78|0x00000000a7000000, 0x00000000a7000000, 0x00000000a7100000|  0%| F|  |TAMS 0x00000000a7000000, 0x00000000a7000000| Untracked 
|  79|0x00000000a7100000, 0x00000000a7181c10, 0x00000000a7200000| 50%| E|  |TAMS 0x00000000a7100000, 0x00000000a7100000| Complete 
|  80|0x00000000a7200000, 0x00000000a7300000, 0x00000000a7300000|100%| E|CS|TAMS 0x00000000a7200000, 0x00000000a7200000| Complete 
|  81|0x00000000a7300000, 0x00000000a7400000, 0x00000000a7400000|100%| E|CS|TAMS 0x00000000a7300000, 0x00000000a7300000| Complete 
|  82|0x00000000a7400000, 0x00000000a7500000, 0x00000000a7500000|100%| E|CS|TAMS 0x00000000a7400000, 0x00000000a7400000| Complete 
|  83|0x00000000a7500000, 0x00000000a7600000, 0x00000000a7600000|100%| E|CS|TAMS 0x00000000a7500000, 0x00000000a7500000| Complete 
|  84|0x00000000a7600000, 0x00000000a7700000, 0x00000000a7700000|100%| E|CS|TAMS 0x00000000a7600000, 0x00000000a7600000| Complete 
|  85|0x00000000a7700000, 0x00000000a7800000, 0x00000000a7800000|100%| E|CS|TAMS 0x00000000a7700000, 0x00000000a7700000| Complete 
|  86|0x00000000a7800000, 0x00000000a7900000, 0x00000000a7900000|100%| E|CS|TAMS 0x00000000a7800000, 0x00000000a7800000| Complete 
|  87|0x00000000a7900000, 0x00000000a7a00000, 0x00000000a7a00000|100%| E|CS|TAMS 0x00000000a7900000, 0x00000000a7900000| Complete 
|  88|0x00000000a7a00000, 0x00000000a7b00000, 0x00000000a7b00000|100%| E|CS|TAMS 0x00000000a7a00000, 0x00000000a7a00000| Complete 
|  89|0x00000000a7b00000, 0x00000000a7c00000, 0x00000000a7c00000|100%| E|CS|TAMS 0x00000000a7b00000, 0x00000000a7b00000| Complete 
|  90|0x00000000a7c00000, 0x00000000a7d00000, 0x00000000a7d00000|100%| E|CS|TAMS 0x00000000a7c00000, 0x00000000a7c00000| Complete 
|  91|0x00000000a7d00000, 0x00000000a7e00000, 0x00000000a7e00000|100%| E|CS|TAMS 0x00000000a7d00000, 0x00000000a7d00000| Complete 
|  92|0x00000000a7e00000, 0x00000000a7f00000, 0x00000000a7f00000|100%| E|CS|TAMS 0x00000000a7e00000, 0x00000000a7e00000| Complete 
|  93|0x00000000a7f00000, 0x00000000a8000000, 0x00000000a8000000|100%| E|CS|TAMS 0x00000000a7f00000, 0x00000000a7f00000| Complete 

Card table byte_map: [0x000001fb6c780000,0x000001fb6ca70000] _byte_map_base: 0x000001fb6c26f000

Marking Bits (Prev, Next): (CMBitMap*) 0x000001fb59468240, (CMBitMap*) 0x000001fb59468208
 Prev Bits: [0x000001fb6e4e0000, 0x000001fb6fc58000)
 Next Bits: [0x000001fb6cd60000, 0x000001fb6e4d8000)

Polling page: 0x000001fb572a0000

Metaspace:

Usage:
  Non-class:     28.37 MB capacity,    28.09 MB (>99%) used,   235.86 KB ( <1%) free+waste,    48.75 KB ( <1%) overhead. 
      Class:      4.14 MB capacity,     3.95 MB ( 95%) used,   168.56 KB (  4%) free+waste,    23.38 KB ( <1%) overhead. 
       Both:     32.51 MB capacity,    32.04 MB ( 99%) used,   404.42 KB (  1%) free+waste,    72.13 KB ( <1%) overhead. 

Virtual space:
  Non-class space:       30.00 MB reserved,      28.50 MB ( 95%) committed 
      Class space:        1.00 GB reserved,       4.25 MB ( <1%) committed 
             Both:        1.03 GB reserved,      32.75 MB (  3%) committed 

Chunk freelists:
   Non-Class:  74.00 KB
       Class:  15.00 KB
        Both:  89.00 KB

MaxMetaspaceSize: 17179869184.00 GB
CompressedClassSpaceSize: 1.00 GB
Initial GC threshold: 20.80 MB
Current GC threshold: 35.00 MB
CDS: off

CodeHeap 'non-profiled nmethods': size=120000Kb used=991Kb max_used=991Kb free=119009Kb
 bounds [0x000001fb64a10000, 0x000001fb64c80000, 0x000001fb6bf40000]
CodeHeap 'profiled nmethods': size=120000Kb used=4433Kb max_used=4433Kb free=115566Kb
 bounds [0x000001fb5d4e0000, 0x000001fb5d940000, 0x000001fb64a10000]
CodeHeap 'non-nmethods': size=5760Kb used=1245Kb max_used=1290Kb free=4514Kb
 bounds [0x000001fb5cf40000, 0x000001fb5d1b0000, 0x000001fb5d4e0000]
 total_blobs=2864 nmethods=2343 adapters=433
 compilation: enabled
              stopped_count=0, restarted_count=0
 full_count=0

Compilation events (20 events):
Event: 6.910 Thread 0x000001fb7324f800 nmethod 2320 0x000001fb5d924510 code [0x000001fb5d9246c0, 0x000001fb5d924818]
Event: 6.940 Thread 0x000001fb7324f800 2321       3       org.jetbrains.kotlin.com.intellij.openapi.util.UserDataHolderBase::getUserMap (13 bytes)
Event: 6.941 Thread 0x000001fb7324f800 nmethod 2321 0x000001fb5d924890 code [0x000001fb5d924a40, 0x000001fb5d924bc8]
Event: 6.969 Thread 0x000001fb7324f800 2322       1       org.jetbrains.kotlin.com.intellij.psi.tree.IElementType::getIndex (5 bytes)
Event: 6.969 Thread 0x000001fb7324f800 nmethod 2322 0x000001fb64b06f10 code [0x000001fb64b070c0, 0x000001fb64b07178]
Event: 6.986 Thread 0x000001fb7324f800 2323       3       java.lang.Class::arrayContentsEq (70 bytes)
Event: 6.986 Thread 0x000001fb7324f800 nmethod 2323 0x000001fb5d924c90 code [0x000001fb5d924e60, 0x000001fb5d925258]
Event: 6.995 Thread 0x000001fb7324b800 2324       4       java.security.CodeSource::getCertificates (98 bytes)
Event: 6.995 Thread 0x000001fb7324b800 nmethod 2324 0x000001fb64b07210 code [0x000001fb64b073a0, 0x000001fb64b07438]
Event: 6.996 Thread 0x000001fb7324f800 2325   !   3       org.jetbrains.kotlin.com.intellij.psi.tree.IElementType::<init> (295 bytes)
Event: 7.000 Thread 0x000001fb7324f800 nmethod 2325 0x000001fb5d925390 code [0x000001fb5d925960, 0x000001fb5d928798]
Event: 7.000 Thread 0x000001fb7324f800 2326       3       org.jetbrains.kotlin.com.intellij.psi.tree.IElementType::<init> (29 bytes)
Event: 7.000 Thread 0x000001fb7324f800 nmethod 2326 0x000001fb5d929d10 code [0x000001fb5d929f00, 0x000001fb5d92a228]
Event: 7.010 Thread 0x000001fb7324b800 2327   !   4       java.net.URL::<init> (543 bytes)
Event: 7.093 Thread 0x000001fb7324f800 2329       3       sun.invoke.util.VerifyAccess::isSamePackage (32 bytes)
Event: 7.095 Thread 0x000001fb7324f800 nmethod 2329 0x000001fb5d92a310 code [0x000001fb5d92a620, 0x000001fb5d92b908]
Event: 7.103 Thread 0x000001fb7324f800 2330       3       java.util.LinkedHashMap$LinkedValueIterator::next (8 bytes)
Event: 7.104 Thread 0x000001fb7324f800 nmethod 2330 0x000001fb5d92be90 code [0x000001fb5d92c040, 0x000001fb5d92c168]
Event: 7.107 Thread 0x000001fb7324f800 2331       3       jdk.internal.reflect.ConstructorAccessorImpl::<init> (5 bytes)
Event: 7.108 Thread 0x000001fb7324f800 nmethod 2331 0x000001fb5d92c210 code [0x000001fb5d92c3c0, 0x000001fb5d92c578]

GC Heap History (6 events):
Event: 3.149 GC heap before
{Heap before GC invocations=0 (full 0):
 garbage-first heap   total 96256K, used 28672K [0x00000000a2200000, 0x0000000100000000)
  region size 1024K, 24 young (24576K), 0 survivors (0K)
 Metaspace       used 12104K, capacity 12280K, committed 12544K, reserved 1060864K
  class space    used 1118K, capacity 1175K, committed 1280K, reserved 1048576K
}
Event: 3.153 GC heap after
{Heap after GC invocations=1 (full 0):
 garbage-first heap   total 96256K, used 6712K [0x00000000a2200000, 0x0000000100000000)
  region size 1024K, 3 young (3072K), 3 survivors (3072K)
 Metaspace       used 12104K, capacity 12280K, committed 12544K, reserved 1060864K
  class space    used 1118K, capacity 1175K, committed 1280K, reserved 1048576K
}
Event: 4.233 GC heap before
{Heap before GC invocations=1 (full 0):
 garbage-first heap   total 96256K, used 44600K [0x00000000a2200000, 0x0000000100000000)
  region size 1024K, 41 young (41984K), 3 survivors (3072K)
 Metaspace       used 21010K, capacity 21185K, committed 21248K, reserved 1069056K
  class space    used 2216K, capacity 2302K, committed 2304K, reserved 1048576K
}
Event: 4.244 GC heap after
{Heap after GC invocations=2 (full 0):
 garbage-first heap   total 96256K, used 10393K [0x00000000a2200000, 0x0000000100000000)
  region size 1024K, 7 young (7168K), 7 survivors (7168K)
 Metaspace       used 21010K, capacity 21185K, committed 21248K, reserved 1069056K
  class space    used 2216K, capacity 2302K, committed 2304K, reserved 1048576K
}
Event: 6.772 GC heap before
{Heap before GC invocations=3 (full 0):
 garbage-first heap   total 96256K, used 60569K [0x00000000a2200000, 0x0000000100000000)
  region size 1024K, 50 young (51200K), 7 survivors (7168K)
 Metaspace       used 30585K, capacity 31035K, committed 31232K, reserved 1077248K
  class space    used 3594K, capacity 3790K, committed 3840K, reserved 1048576K
}
Event: 6.799 GC heap after
{Heap after GC invocations=4 (full 0):
 garbage-first heap   total 96256K, used 23051K [0x00000000a2200000, 0x0000000100000000)
  region size 1024K, 7 young (7168K), 7 survivors (7168K)
 Metaspace       used 30585K, capacity 31035K, committed 31232K, reserved 1077248K
  class space    used 3594K, capacity 3790K, committed 3840K, reserved 1048576K
}

Deoptimization events (20 events):
Event: 5.872 Thread 0x000001fb59430000 Uncommon trap: trap_request=0xffffffde fr.pc=0x000001fb64ab1984 relative=0x0000000000000064
Event: 5.872 Thread 0x000001fb59430000 Uncommon trap: reason=class_check action=maybe_recompile pc=0x000001fb64ab1984 method=java.util.LinkedHashMap.afterNodeInsertion(Z)V @ 15 c2
Event: 5.872 Thread 0x000001fb59430000 DEOPT PACKING pc=0x000001fb64ab1984 sp=0x000000b2ef8fdeb0
Event: 5.872 Thread 0x000001fb59430000 DEOPT UNPACKING pc=0x000001fb5cf8a1af sp=0x000000b2ef8fde28 mode 2
Event: 6.546 Thread 0x000001fb59430000 DEOPT PACKING pc=0x000001fb5d7e9a68 sp=0x000000b2ef8fdf00
Event: 6.546 Thread 0x000001fb59430000 DEOPT UNPACKING pc=0x000001fb5cf8a95e sp=0x000000b2ef8fd408 mode 0
Event: 6.599 Thread 0x000001fb59430000 Uncommon trap: trap_request=0xffffff4d fr.pc=0x000001fb64af2f34 relative=0x0000000000000c74
Event: 6.599 Thread 0x000001fb59430000 Uncommon trap: reason=unstable_if action=reinterpret pc=0x000001fb64af2f34 method=org.jetbrains.kotlin.com.intellij.openapi.vfs.impl.ZipHandlerBase.getOrCreate(Ljava/lang/String;Ljava/util/Map;Ljava/util/zip/ZipFile;)Lorg/jetbrains/kotlin/com/intellij/ope
Event: 6.600 Thread 0x000001fb59430000 DEOPT PACKING pc=0x000001fb64af2f34 sp=0x000000b2ef8fe2f0
Event: 6.600 Thread 0x000001fb59430000 DEOPT UNPACKING pc=0x000001fb5cf8a1af sp=0x000000b2ef8fe2d0 mode 2
Event: 6.600 Thread 0x000001fb59430000 Uncommon trap: trap_request=0xffffff5c fr.pc=0x000001fb64af97f8 relative=0x00000000000001f8
Event: 6.600 Thread 0x000001fb59430000 Uncommon trap: reason=speculate_null_assert action=make_not_entrant pc=0x000001fb64af97f8 method=org.jetbrains.kotlin.com.intellij.openapi.vfs.impl.ZipHandlerBase.getOrCreate(Ljava/util/zip/ZipEntry;Ljava/util/Map;Ljava/util/zip/ZipFile;)Lorg/jetbrains/ko
Event: 6.600 Thread 0x000001fb59430000 DEOPT PACKING pc=0x000001fb64af97f8 sp=0x000000b2ef8fe3a0
Event: 6.600 Thread 0x000001fb59430000 DEOPT UNPACKING pc=0x000001fb5cf8a1af sp=0x000000b2ef8fe338 mode 2
Event: 6.697 Thread 0x000001fb59430000 Uncommon trap: trap_request=0xffffff4d fr.pc=0x000001fb64af4bac relative=0x000000000000064c
Event: 6.697 Thread 0x000001fb59430000 Uncommon trap: reason=unstable_if action=reinterpret pc=0x000001fb64af4bac method=java.util.zip.ZipEntry.setExtra0([BZZ)V @ 442 c2
Event: 6.697 Thread 0x000001fb59430000 DEOPT PACKING pc=0x000001fb64af4bac sp=0x000000b2ef8fe260
Event: 6.697 Thread 0x000001fb59430000 DEOPT UNPACKING pc=0x000001fb5cf8a1af sp=0x000000b2ef8fe1f8 mode 2
Event: 6.702 Thread 0x000001fb59430000 DEOPT PACKING pc=0x000001fb5d83785b sp=0x000000b2ef8fdd70
Event: 6.702 Thread 0x000001fb59430000 DEOPT UNPACKING pc=0x000001fb5cf8a95e sp=0x000000b2ef8fd1e8 mode 0

Classes redefined (0 events):
No events

Internal exceptions (20 events):
Event: 3.648 Thread 0x000001fb59430000 Exception <a 'java/lang/NoSuchMethodError'{0x00000000a69e7490}: 'long java.lang.invoke.Invokers$Holder.invoke_MT(java.lang.Object, java.lang.Object, java.lang.Object, java.lang.Object)'> (0x00000000a69e7490) thrown at [./src/hotspot/share/interpreter/linkResolver.cpp, line 773]
Event: 3.648 Thread 0x000001fb59430000 Exception <a 'java/lang/NoSuchMethodError'{0x00000000a69eab10}: 'long java.lang.invoke.DelegatingMethodHandle$Holder.reinvoke_L(java.lang.Object, java.lang.Object, java.lang.Object)'> (0x00000000a69eab10) thrown at [./src/hotspot/share/interpreter/linkResolver.cpp, line 773]
Event: 3.652 Thread 0x000001fb59430000 Exception <a 'java/lang/NoSuchMethodError'{0x00000000a69f47d0}: 'int java.lang.invoke.DirectMethodHandle$Holder.invokeSpecial(java.lang.Object, java.lang.Object, java.lang.Object, java.lang.Object)'> (0x00000000a69f47d0) thrown at [./src/hotspot/share/interpreter/linkResolver.cpp, line 773]
Event: 3.656 Thread 0x000001fb59430000 Exception <a 'java/lang/NoSuchMethodError'{0x00000000a6803a40}: 'int java.lang.invoke.DelegatingMethodHandle$Holder.reinvoke_L(java.lang.Object, java.lang.Object, java.lang.Object, long, int)'> (0x00000000a6803a40) thrown at [./src/hotspot/share/interpreter/linkResolver.cpp, line 773]
Event: 4.158 Thread 0x000001fb59430000 Exception <a 'java/lang/NoSuchMethodError'{0x00000000a5a66dd8}: 'java.lang.Object java.lang.invoke.DirectMethodHandle$Holder.invokeStaticInit(java.lang.Object, int)'> (0x00000000a5a66dd8) thrown at [./src/hotspot/share/interpreter/linkResolver.cpp, line 773]
Event: 4.200 Thread 0x000001fb59430000 Exception <a 'java/lang/NoSuchMethodError'{0x00000000a5842968}: 'long java.lang.invoke.DirectMethodHandle$Holder.invokeStatic(java.lang.Object)'> (0x00000000a5842968) thrown at [./src/hotspot/share/interpreter/linkResolver.cpp, line 773]
Event: 4.200 Thread 0x000001fb59430000 Exception <a 'java/lang/NoSuchMethodError'{0x00000000a58457c0}: 'long java.lang.invoke.DirectMethodHandle$Holder.invokeStaticInit(java.lang.Object)'> (0x00000000a58457c0) thrown at [./src/hotspot/share/interpreter/linkResolver.cpp, line 773]
Event: 4.251 Thread 0x000001fb59430000 Exception <a 'java/lang/NoSuchMethodError'{0x00000000a7f01b80}: 'int java.lang.invoke.DirectMethodHandle$Holder.invokeSpecialIFC(java.lang.Object, java.lang.Object, int)'> (0x00000000a7f01b80) thrown at [./src/hotspot/share/interpreter/linkResolver.cpp, line 773]
Event: 4.311 Thread 0x000001fb59430000 Exception <a 'java/lang/NoSuchMethodError'{0x00000000a7c0d518}: 'int java.lang.invoke.DirectMethodHandle$Holder.invokeStaticInit(java.lang.Object, java.lang.Object, java.lang.Object)'> (0x00000000a7c0d518) thrown at [./src/hotspot/share/interpreter/linkResolver.cpp, line 773]
Event: 4.316 Thread 0x000001fb59430000 Exception <a 'java/lang/NoSuchMethodError'{0x00000000a7c390f8}: 'int java.lang.invoke.DirectMethodHandle$Holder.invokeStaticInit(java.lang.Object, java.lang.Object)'> (0x00000000a7c390f8) thrown at [./src/hotspot/share/interpreter/linkResolver.cpp, line 773]
Event: 4.393 Thread 0x000001fb59430000 Exception <a 'java/lang/NoSuchMethodError'{0x00000000a7a50690}: 'void java.lang.invoke.DirectMethodHandle$Holder.invokeSpecial(java.lang.Object, java.lang.Object)'> (0x00000000a7a50690) thrown at [./src/hotspot/share/interpreter/linkResolver.cpp, line 773]
Event: 5.026 Thread 0x000001fb59430000 Exception <a 'java/lang/NoSuchMethodError'{0x00000000a72fc7e8}: 'java.lang.Object java.lang.invoke.DirectMethodHandle$Holder.invokeStatic(java.lang.Object, java.lang.Object, java.lang.Object, java.lang.Object, java.lang.Object, java.lang.Object, java.lang.Object, java.lang.Object, java.lang.Object, java.lang.Object, java.lang.Object, java.lang.Object, java.lang.Object, java.lang.Object, java.lang.Object)'> (0x00000000a72fc7e8) thrown at [./src/hotspot/share/interpreter/linkResolver.cpp, line 773]
Event: 5.028 Thread 0x000001fb59430000 Exception <a 'java/lang/NoSuchMethodError'{0x00000000a710ac98}: 'java.lang.Object java.lang.invoke.DirectMethodHandle$Holder.invokeStatic(java.lang.Object, java.lang.Object, java.lang.Object, java.lang.Object, java.lang.Object, java.lang.Object, java.lang.Object, java.lang.Object, java.lang.Object, java.lang.Object, java.lang.Object, java.lang.Object, java.lang.Object, java.lang.Object, java.lang.Object, java.lang.Object)'> (0x00000000a710ac98) thrown at [./src/hotspot/share/interpreter/linkResolver.cpp, l
Event: 5.029 Thread 0x000001fb59430000 Exception <a 'java/lang/NoSuchMethodError'{0x00000000a7118bb0}: 'java.lang.Object java.lang.invoke.DirectMethodHandle$Holder.invokeSpecial(java.lang.Object, java.lang.Object, int, int, java.lang.Object, java.lang.Object, java.lang.Object)'> (0x00000000a7118bb0) thrown at [./src/hotspot/share/interpreter/linkResolver.cpp, line 773]
Event: 5.029 Thread 0x000001fb59430000 Exception <a 'java/lang/NoSuchMethodError'{0x00000000a711c3e8}: 'java.lang.Object java.lang.invoke.DelegatingMethodHandle$Holder.reinvoke_L(java.lang.Object, int, int, java.lang.Object, java.lang.Object, java.lang.Object)'> (0x00000000a711c3e8) thrown at [./src/hotspot/share/interpreter/linkResolver.cpp, line 773]
Event: 5.030 Thread 0x000001fb59430000 Exception <a 'java/lang/NoSuchMethodError'{0x00000000a7120770}: 'java.lang.Object java.lang.invoke.DirectMethodHandle$Holder.invokeStatic(java.lang.Object, java.lang.Object, java.lang.Object, java.lang.Object, int)'> (0x00000000a7120770) thrown at [./src/hotspot/share/interpreter/linkResolver.cpp, line 773]
Event: 5.081 Thread 0x000001fb59430000 Exception <a 'java/lang/NoSuchMethodError'{0x00000000a7046cd8}: 'void java.lang.invoke.DirectMethodHandle$Holder.invokeStatic(java.lang.Object, java.lang.Object, java.lang.Object, java.lang.Object)'> (0x00000000a7046cd8) thrown at [./src/hotspot/share/interpreter/linkResolver.cpp, line 773]
Event: 5.170 Thread 0x000001fb59430000 Exception <a 'java/lang/NoSuchMethodError'{0x00000000a6c31a90}: 'void java.lang.invoke.DirectMethodHandle$Holder.invokeStaticInit(java.lang.Object, java.lang.Object)'> (0x00000000a6c31a90) thrown at [./src/hotspot/share/interpreter/linkResolver.cpp, line 773]
Event: 5.421 Thread 0x000001fb59430000 Exception <a 'java/lang/NoSuchMethodError'{0x00000000a6898a30}: 'void java.lang.invoke.DirectMethodHandle$Holder.invokeVirtual(java.lang.Object, java.lang.Object)'> (0x00000000a6898a30) thrown at [./src/hotspot/share/interpreter/linkResolver.cpp, line 773]
Event: 5.590 Thread 0x000001fb59430000 Exception <a 'java/lang/NoSuchMethodError'{0x00000000a672f178}: 'int java.lang.invoke.DirectMethodHandle$Holder.invokeVirtual(java.lang.Object, java.lang.Object)'> (0x00000000a672f178) thrown at [./src/hotspot/share/interpreter/linkResolver.cpp, line 773]

Events (20 events):
Event: 7.123 loading class org/jetbrains/kotlin/builtins/jvm/JvmBuiltIns$Kind
Event: 7.123 loading class org/jetbrains/kotlin/builtins/jvm/JvmBuiltIns$Kind done
Event: 7.124 loading class org/jetbrains/kotlin/builtins/KotlinBuiltIns$1
Event: 7.124 loading class org/jetbrains/kotlin/builtins/KotlinBuiltIns$1 done
Event: 7.125 loading class org/jetbrains/kotlin/storage/LockBasedStorageManager$LockBasedNotNullLazyValue
Event: 7.125 loading class org/jetbrains/kotlin/storage/LockBasedStorageManager$LockBasedNotNullLazyValue done
Event: 7.126 loading class org/jetbrains/kotlin/storage/LockBasedStorageManager$LockBasedLazyValue
Event: 7.126 loading class org/jetbrains/kotlin/storage/LockBasedStorageManager$LockBasedLazyValue done
Event: 7.127 loading class org/jetbrains/kotlin/builtins/KotlinBuiltIns$2
Event: 7.127 loading class org/jetbrains/kotlin/builtins/KotlinBuiltIns$2 done
Event: 7.128 loading class org/jetbrains/kotlin/builtins/KotlinBuiltIns$3
Event: 7.128 loading class org/jetbrains/kotlin/builtins/KotlinBuiltIns$3 done
Event: 7.128 loading class org/jetbrains/kotlin/storage/LockBasedStorageManager$MapBasedMemoizedFunctionToNotNull
Event: 7.128 loading class org/jetbrains/kotlin/storage/LockBasedStorageManager$MapBasedMemoizedFunctionToNotNull done
Event: 7.129 loading class org/jetbrains/kotlin/builtins/jvm/JvmBuiltIns$customizer$2
Event: 7.129 loading class org/jetbrains/kotlin/builtins/jvm/JvmBuiltIns$customizer$2 done
Event: 7.130 loading class org/jetbrains/kotlin/builtins/jvm/JvmBuiltIns$WhenMappings
Event: 7.130 loading class org/jetbrains/kotlin/builtins/jvm/JvmBuiltIns$WhenMappings done
Event: 7.130 loading class org/jetbrains/kotlin/descriptors/impl/ModuleDescriptorImpl
Event: 7.130 loading class org/jetbrains/kotlin/descriptors/impl/ModuleDescriptorImpl done


Dynamic libraries:
0x00007ff68dab0000 - 0x00007ff68daba000 	C:\Program Files\Android\Android Studio\jre\bin\java.exe
0x00007ffc54cd0000 - 0x00007ffc54ee6000 	C:\WINDOWS\SYSTEM32\ntdll.dll
0x00007ffc53260000 - 0x00007ffc53324000 	C:\WINDOWS\System32\KERNEL32.DLL
0x00007ffc51ff0000 - 0x00007ffc52397000 	C:\WINDOWS\System32\KERNELBASE.dll
0x00007ffc523a0000 - 0x00007ffc524b1000 	C:\WINDOWS\System32\ucrtbase.dll
0x00007ffc02550000 - 0x00007ffc02567000 	C:\Program Files\Android\Android Studio\jre\bin\VCRUNTIME140.dll
0x00007ffc0caf0000 - 0x00007ffc0cb09000 	C:\Program Files\Android\Android Studio\jre\bin\jli.dll
0x00007ffc533a0000 - 0x00007ffc5354e000 	C:\WINDOWS\System32\USER32.dll
0x00007ffc526d0000 - 0x00007ffc526f6000 	C:\WINDOWS\System32\win32u.dll
0x00007ffc2c2d0000 - 0x00007ffc2c563000 	C:\WINDOWS\WinSxS\amd64_microsoft.windows.common-controls_6595b64144ccf1df_6.0.22621.3235_none_270f74e173860f98\COMCTL32.dll
0x00007ffc52a00000 - 0x00007ffc52a29000 	C:\WINDOWS\System32\GDI32.dll
0x00007ffc52fa0000 - 0x00007ffc53047000 	C:\WINDOWS\System32\msvcrt.dll
0x00007ffc52820000 - 0x00007ffc52939000 	C:\WINDOWS\System32\gdi32full.dll
0x00007ffc52700000 - 0x00007ffc5279a000 	C:\WINDOWS\System32\msvcp_win.dll
0x00007ffc54c50000 - 0x00007ffc54c81000 	C:\WINDOWS\System32\IMM32.DLL
0x00007ffc00190000 - 0x00007ffc0022d000 	C:\Program Files\Android\Android Studio\jre\bin\msvcp140.dll
0x00007ffb9dfb0000 - 0x00007ffb9eab2000 	C:\Program Files\Android\Android Studio\jre\bin\server\jvm.dll
0x00007ffc53fa0000 - 0x00007ffc54052000 	C:\WINDOWS\System32\ADVAPI32.dll
0x00007ffc52a30000 - 0x00007ffc52ad8000 	C:\WINDOWS\System32\sechost.dll
0x00007ffc526a0000 - 0x00007ffc526c8000 	C:\WINDOWS\System32\bcrypt.dll
0x00007ffc53550000 - 0x00007ffc53665000 	C:\WINDOWS\System32\RPCRT4.dll
0x00007ffc52d90000 - 0x00007ffc52d98000 	C:\WINDOWS\System32\PSAPI.DLL
0x00007ffc24af0000 - 0x00007ffc24af9000 	C:\WINDOWS\SYSTEM32\WSOCK32.dll
0x00007ffc4af20000 - 0x00007ffc4af54000 	C:\WINDOWS\SYSTEM32\WINMM.dll
0x00007ffc54730000 - 0x00007ffc547a1000 	C:\WINDOWS\System32\WS2_32.dll
0x00007ffc49120000 - 0x00007ffc4912a000 	C:\WINDOWS\SYSTEM32\VERSION.dll
0x00007ffc51030000 - 0x00007ffc51048000 	C:\WINDOWS\SYSTEM32\kernel.appcore.dll
0x00007ffc3bee0000 - 0x00007ffc3bef1000 	C:\Program Files\Android\Android Studio\jre\bin\verify.dll
0x00007ffc4fa20000 - 0x00007ffc4fc53000 	C:\WINDOWS\SYSTEM32\DBGHELP.DLL
0x00007ffc548a0000 - 0x00007ffc54c28000 	C:\WINDOWS\System32\combase.dll
0x00007ffc547c0000 - 0x00007ffc54897000 	C:\WINDOWS\System32\OLEAUT32.dll
0x00007ffc49450000 - 0x00007ffc49482000 	C:\WINDOWS\SYSTEM32\dbgcore.DLL
0x00007ffc527a0000 - 0x00007ffc52819000 	C:\WINDOWS\System32\bcryptPrimitives.dll
0x00007ffc20f50000 - 0x00007ffc20f79000 	C:\Program Files\Android\Android Studio\jre\bin\java.dll
0x00007ffc4bac0000 - 0x00007ffc4bacb000 	C:\Program Files\Android\Android Studio\jre\bin\jimage.dll
0x00007ffc273c0000 - 0x00007ffc273d8000 	C:\Program Files\Android\Android Studio\jre\bin\zip.dll
0x00007ffc536d0000 - 0x00007ffc53f2c000 	C:\WINDOWS\System32\SHELL32.dll
0x00007ffc4ff50000 - 0x00007ffc50849000 	C:\WINDOWS\SYSTEM32\windows.storage.dll
0x00007ffc4fe10000 - 0x00007ffc4ff4e000 	C:\WINDOWS\SYSTEM32\wintypes.dll
0x00007ffc52e50000 - 0x00007ffc52f43000 	C:\WINDOWS\System32\SHCORE.dll
0x00007ffc53670000 - 0x00007ffc536ce000 	C:\WINDOWS\System32\shlwapi.dll
0x00007ffc51f20000 - 0x00007ffc51f41000 	C:\WINDOWS\SYSTEM32\profapi.dll
0x00007ffc196e0000 - 0x00007ffc196fa000 	C:\Program Files\Android\Android Studio\jre\bin\net.dll
0x00007ffc4b600000 - 0x00007ffc4b736000 	C:\WINDOWS\SYSTEM32\WINHTTP.dll
0x00007ffc514a0000 - 0x00007ffc51509000 	C:\WINDOWS\system32\mswsock.dll
0x00007ffc196c0000 - 0x00007ffc196d4000 	C:\Program Files\Android\Android Studio\jre\bin\nio.dll

dbghelp: loaded successfully - version: 4.0.5 - missing functions: none
symbol engine: initialized successfully - sym options: 0x614 - pdb path: .;C:\Program Files\Android\Android Studio\jre\bin;C:\WINDOWS\SYSTEM32;C:\WINDOWS\WinSxS\amd64_microsoft.windows.common-controls_6595b64144ccf1df_6.0.22621.3235_none_270f74e173860f98;C:\Program Files\Android\Android Studio\jre\bin\server

VM Arguments:
java_command: org.jetbrains.kotlin.cli.jvm.K2JVMCompiler @C:\Users\Lenovo\AndroidStudioProjects\QuizGame\app\build\20240425_17895611290812540100.compiler.options
java_class_path (initial): C:\Users\Lenovo\.gradle\caches\modules-2\files-2.1\org.jetbrains.kotlin\kotlin-compiler-embeddable\1.8.0-RC2\4f178fcc7ed4dcf8f1dfe87b01f542093bbe9c97\kotlin-compiler-embeddable-1.8.0-RC2.jar;C:\Users\Lenovo\.gradle\caches\modules-2\files-2.1\org.jetbrains.kotlin\kotlin-stdlib\1.8.0-RC2\89303520e71f5a7eda0b21ce8a3bd9f0154921bb\kotlin-stdlib-1.8.0-RC2.jar;C:\Users\Lenovo\.gradle\caches\modules-2\files-2.1\org.jetbrains.kotlin\kotlin-script-runtime\1.8.0-RC2\cad0c747830d27ea3c62c8d79593ed9aeb9048e6\kotlin-script-runtime-1.8.0-RC2.jar;C:\Users\Lenovo\.gradle\caches\modules-2\files-2.1\org.jetbrains.kotlin\kotlin-reflect\1.6.10\1cbe9c92c12a94eea200d23c2bbaedaf3daf5132\kotlin-reflect-1.6.10.jar;C:\Users\Lenovo\.gradle\caches\modules-2\files-2.1\org.jetbrains.kotlin\kotlin-daemon-embeddable\1.8.0-RC2\4e57b5aaa33464a29a08b8c5ab8ed3262bd40138\kotlin-daemon-embeddable-1.8.0-RC2.jar;C:\Users\Lenovo\.gradle\caches\modules-2\files-2.1\org.jetbrains.intellij.deps\trove4j\1.0.20200330\3afb14d5f9ceb459d724e907a21145e8ff394f02\trove4j-1.0.20200330.jar;C:\Users\Lenovo\.gradle\caches\modules-2\files-2.1\net.java.dev.jna\jna\5.6.0\330f2244e9030119ab3030fc3fededc86713d9cc\jna-5.6.0.jar;C:\Users\Lenovo\.gradle\caches\modules-2\files-2.1\org.jetbrains.kotlin\kotlin-stdlib-common\1.8.0-RC2\f07744f554f7303fec96d11969edc688a8749ceb\kotlin-stdlib-common-1.8.0-RC2.jar;C:\Users\Lenovo\.gradle\caches\modules-2\files-2.1\org.jetbrains\annotations\13.0\919f0dfe192fb4e063e7dacadee7f8bb9a2672a9\annotations-13.0.jar
Launcher Type: SUN_STANDARD

[Global flags]
     intx CICompilerCount                          = 4                                         {product} {ergonomic}
     uint ConcGCThreads                            = 3                                         {product} {ergonomic}
     uint G1ConcRefinementThreads                  = 10                                        {product} {ergonomic}
   size_t G1HeapRegionSize                         = 1048576                                   {product} {ergonomic}
    uintx GCDrainStackTargetSize                   = 64                                        {product} {ergonomic}
   size_t InitialHeapSize                          = 98566144                                  {product} {ergonomic}
   size_t MarkStackSize                            = 4194304                                   {product} {ergonomic}
   size_t MaxHeapSize                              = 1574961152                                {product} {ergonomic}
   size_t MaxNewSize                               = 944766976                                 {product} {ergonomic}
   size_t MinHeapDeltaBytes                        = 1048576                                   {product} {ergonomic}
    uintx NonNMethodCodeHeapSize                   = 5836300                                {pd product} {ergonomic}
    uintx NonProfiledCodeHeapSize                  = 122910970                              {pd product} {ergonomic}
    uintx ProfiledCodeHeapSize                     = 122910970                              {pd product} {ergonomic}
    uintx ReservedCodeCacheSize                    = 251658240                              {pd product} {ergonomic}
     bool SegmentedCodeCache                       = true                                      {product} {ergonomic}
     bool UseCompressedClassPointers               = true                                 {lp64_product} {ergonomic}
     bool UseCompressedOops                        = true                                 {lp64_product} {ergonomic}
     bool UseG1GC                                  = true                                      {product} {ergonomic}
     bool UseLargePagesIndividualAllocation        = false                                  {pd product} {ergonomic}

Logging:
Log output configuration:
 #0: stdout all=warning uptime,level,tags
 #1: stderr all=off uptime,level,tags

Environment Variables:
JAVA_HOME=C:\Program Files (x86)\Java\jdk-1.8
PATH=C:\Program Files (x86)\VMware\VMware Player\bin\;C:\Program Files (x86)\Common Files\Oracle\Java\javapath;C:\Program Files (x86)\Java\jdk-1.8\bin;C:\webdriver;C:\Program Files\dotnet\;C:\Program Files\nodejs;C:\WINDOWS\system32;C:\WINDOWS;C:\WINDOWS\System32\Wbem;C:\WINDOWS\System32\WindowsPowerShell\v1.0\;C:\WINDOWS\System32\OpenSSH\;C:\Users\Lenovo\AppData\Local\Programs\Python\Python311;C:\Program Files\nodejs\;C:\Program Files\MySQL\MySQL Shell 8.0\bin\;C:\Program Files\Java\jdk1.8.0_202\bin;C:\Users\Lenovo\.dotnet\tools;C:\Program Files\nodejs;C:\Users\Lenovo\AppData\Local\Microsoft\WindowsApps;C:\Program Files\JetBrains\PyCharm Community Edition 2023.1.1\bin;;C:\Users\Lenovo\AppData\Local\Programs\Microsoft VS Code\bin;C:\Users\Lenovo\AppData\Roaming\npm
USERNAME=Lenovo
OS=Windows_NT
PROCESSOR_IDENTIFIER=AMD64 Family 23 Model 104 Stepping 1, AuthenticAMD



---------------  S Y S T E M  ---------------

OS: Windows 11 , 64 bit Build 22621 (10.0.22621.3374)
OS uptime: 14 days 17:17 hours

CPU:total 12 (initial active 12) (12 cores per cpu, 2 threads per core) family 23 model 104 stepping 1 microcode 0x0, cmov, cx8, fxsr, mmx, sse, sse2, sse3, ssse3, sse4.1, sse4.2, popcnt, avx, avx2, aes, clmul, mmxext, 3dnowpref, lzcnt, sse4a, ht, tsc, tscinvbit, tscinv, bmi1, bmi2, adx, sha, fma

Memory: 4k page, system-wide physical 6005M (226M free)
TotalPageFile size 24437M (AvailPageFile size 1M)
current process WorkingSet (physical memory assigned to process): 189M, peak: 189M
current process commit charge ("private bytes"): 255M, peak: 255M

vm_info: OpenJDK 64-Bit Server VM (11.0.13+0-b1751.21-8125866) for windows-amd64 JRE (11.0.13+0-b1751.21-8125866), built on Feb  2 2022 03:00:22 by "builder" with MS VC++ 14.0 (VS2015)

END.
